<?xml version="1.0" encoding="UTF-8"?>
<!-- Generated by org.testng.reporters.JUnitXMLReporter -->
<testsuite hostname="HYDGSI3DQXHR2" ignored="0" name="Default test" tests="5" failures="0" timestamp="01 Aug 2019 03:59:02 GMT" time="0.032" errors="0">
  <testcase name="internalbank" time="0.006" classname="Testngdemo.day2"/>
  <testcase name="personalbank1" time="0.001" classname="Testngdemo.day2"/>
  <testcase name="corporate" time="0.001" classname="Testngdemo.day2"/>
  <testcase name="zaccount" time="0.0" classname="Testngdemo.day2"/>
  <testcase name="appaccount" time="0.001" classname="Testngdemo.day2"/>
</testsuite> <!-- Default test -->
