<?xml version="1.0" encoding="UTF-8"?>
<!-- Generated by org.testng.reporters.JUnitXMLReporter -->
<testsuite ignored="1" hostname="HYDGSI3DQXHR2" failures="0" tests="2" name="carloans" time="0.037" errors="0" timestamp="30 Apr 2019 05:11:29 GMT">
  <testcase classname="Testngdemo.day3" name="carlaon1" time="0.008"/>
  <testcase classname="Testngdemo.day3" name="day3" time="0.001"/>
  <testcase classname="Testngdemo.day3" name="EMi" time="0.0">
    <ignored/>
  </testcase> <!-- EMi -->
</testsuite> <!-- carloans -->
