<?xml version="1.0" encoding="UTF-8"?>
<!-- Generated by org.testng.reporters.JUnitXMLReporter -->
<testsuite ignored="4" hostname="HYDGSI3DQXHR2" failures="0" tests="3" name="Test" time="0.039" errors="0" timestamp="30 Apr 2019 05:11:29 GMT">
  <testcase classname="Testngdemo.TestnGDemo" name="test" time="0.008"/>
  <testcase classname="Testngdemo.TestnGDemo" name="testw" time="0.001"/>
  <testcase classname="Testngdemo.day2" name="personalbank1" time="0.001"/>
  <testcase classname="Testngdemo.day2" name="zaccount" time="0.0">
    <ignored/>
  </testcase> <!-- zaccount -->
  <testcase classname="Testngdemo.day2" name="corporate" time="0.0">
    <ignored/>
  </testcase> <!-- corporate -->
  <testcase classname="Testngdemo.day2" name="appaccount" time="0.0">
    <ignored/>
  </testcase> <!-- appaccount -->
  <testcase classname="Testngdemo.day2" name="internalbank" time="0.0">
    <ignored/>
  </testcase> <!-- internalbank -->
</testsuite> <!-- Test -->
