<?xml version="1.0" encoding="UTF-8"?>
<testng-results skipped="0" failed="0" ignored="0" total="5" passed="5">
  <reporter-output>
  </reporter-output>
  <suite name="Default suite" duration-ms="32" started-at="2019-08-01T03:59:02Z" finished-at="2019-08-01T03:59:02Z">
    <groups>
    </groups>
    <test name="Default test" duration-ms="32" started-at="2019-08-01T03:59:02Z" finished-at="2019-08-01T03:59:02Z">
      <class name="Testngdemo.day2">
        <test-method status="PASS" signature="internalbank()[pri:0, instance:Testngdemo.day2@631330c]" name="internalbank" duration-ms="6" started-at="2019-08-01T03:59:02Z" finished-at="2019-08-01T03:59:02Z">
          <reporter-output>
          </reporter-output>
        </test-method> <!-- internalbank -->
        <test-method status="PASS" signature="personalbank1()[pri:0, instance:Testngdemo.day2@631330c]" name="personalbank1" duration-ms="1" started-at="2019-08-01T03:59:02Z" finished-at="2019-08-01T03:59:02Z">
          <reporter-output>
          </reporter-output>
        </test-method> <!-- personalbank1 -->
        <test-method status="PASS" signature="corporate()[pri:0, instance:Testngdemo.day2@631330c]" name="corporate" duration-ms="1" started-at="2019-08-01T03:59:02Z" finished-at="2019-08-01T03:59:02Z">
          <reporter-output>
          </reporter-output>
        </test-method> <!-- corporate -->
        <test-method status="PASS" signature="zaccount()[pri:0, instance:Testngdemo.day2@631330c]" name="zaccount" duration-ms="0" started-at="2019-08-01T03:59:02Z" finished-at="2019-08-01T03:59:02Z">
          <reporter-output>
          </reporter-output>
        </test-method> <!-- zaccount -->
        <test-method status="PASS" signature="appaccount()[pri:0, instance:Testngdemo.day2@631330c]" name="appaccount" duration-ms="1" started-at="2019-08-01T03:59:02Z" depends-on-methods="Testngdemo.day2.personalbank1" finished-at="2019-08-01T03:59:02Z">
          <reporter-output>
          </reporter-output>
        </test-method> <!-- appaccount -->
      </class> <!-- Testngdemo.day2 -->
    </test> <!-- Default test -->
  </suite> <!-- Default suite -->
</testng-results>
